2018-07-26 09:06:52,405 - root - INFO - ############################### START ###############################
2018-07-26 09:06:57,089 - root - INFO - SUCCESS Open a new browser : firefox, Spend 4.683909893035889 seconds. 
2018-07-26 09:06:57,151 - root - INFO - SUCCESS Set browser window maximized, Spend 0.06239891052246094 seconds
2018-07-26 09:07:30,226 - root - INFO - SUCCESS Open url: http://test2.www.makex.cc/login, Spend 33.07436418533325 seconds. 
2018-07-26 09:07:30,226 - root - INFO - FAIL Clearing content of element: id->phone_num, Spend 0.0 seconds
2018-07-26 09:07:30,226 - root - INFO - ###############################  End  ###############################
2018-07-26 09:07:32,082 - root - INFO - ############################### START ###############################
2018-07-26 09:07:36,774 - root - INFO - SUCCESS Open a new browser : firefox, Spend 4.6919097900390625 seconds. 
2018-07-26 09:07:36,852 - root - INFO - SUCCESS Set browser window maximized, Spend 0.07799863815307617 seconds
2018-07-26 09:08:08,129 - root - INFO - SUCCESS Open url: http://test2.www.makex.cc/login, Spend 31.277398586273193 seconds. 
2018-07-26 09:08:09,237 - root - INFO - FAIL Clearing content of element: id->phone_num, Spend 1.1075785160064697 seconds
2018-07-26 09:08:09,237 - root - INFO - ###############################  End  ###############################
2018-07-26 09:10:51,600 - root - INFO - ############################### START ###############################
2018-07-26 09:10:56,299 - root - INFO - SUCCESS Open a new browser : firefox, Spend 4.699509620666504 seconds. 
2018-07-26 09:10:56,362 - root - INFO - SUCCESS Set browser window maximized, Spend 0.062398672103881836 seconds
2018-07-26 09:11:13,833 - root - INFO - SUCCESS Open url: http://test2.www.makex.cc/login, Spend 17.47166419029236 seconds. 
2018-07-26 09:11:15,011 - root - INFO - FAIL Clearing content of element: id->phone_num, Spend 1.1777782440185547 seconds
2018-07-26 09:11:15,012 - root - INFO - ###############################  End  ###############################
2018-07-26 09:17:05,348 - root - INFO - ############################### START ###############################
2018-07-26 09:17:10,078 - root - INFO - SUCCESS Open a new browser : firefox, Spend 4.730709075927734 seconds. 
2018-07-26 09:17:10,110 - root - INFO - SUCCESS Set browser window maximized, Spend 0.03119945526123047 seconds
2018-07-26 09:17:13,604 - root - INFO - SUCCESS Open url: http://test2.www.makex.cc/login, Spend 3.4943325519561768 seconds. 
2018-07-26 09:17:14,478 - root - INFO - FAIL Clearing content of element: id->phone_num, Spend 0.8735833168029785 seconds
2018-07-26 09:17:14,478 - root - INFO - ###############################  End  ###############################
2018-07-26 09:25:12,250 - root - INFO - ############################### START ###############################
2018-07-26 09:25:16,949 - root - INFO - SUCCESS Open a new browser : firefox, Spend 4.699509859085083 seconds. 
2018-07-26 09:25:16,996 - root - INFO - SUCCESS Set browser window maximized, Spend 0.0467991828918457 seconds
2018-07-26 09:25:34,561 - root - INFO - SUCCESS Open url: http://test2.www.makex.cc/login, Spend 17.56526207923889 seconds. 
2018-07-26 09:25:34,561 - root - INFO - FAIL Clearing content of element: id->phone_num, Spend 0.0 seconds
2018-07-26 09:25:34,561 - root - INFO - ###############################  End  ###############################
2018-07-26 09:26:47,287 - root - INFO - ############################### START ###############################
2018-07-26 09:26:52,033 - root - INFO - SUCCESS Open a new browser : firefox, Spend 4.74630880355835 seconds. 
2018-07-26 09:26:52,096 - root - INFO - SUCCESS Set browser window maximized, Spend 0.062398672103881836 seconds
2018-07-26 09:27:00,005 - root - INFO - SUCCESS Open url: http://test2.www.makex.cc/login, Spend 7.909048080444336 seconds. 
2018-07-26 09:27:00,020 - root - INFO - FAIL Clearing content of element: id->phone_num, Spend 0.0 seconds
2018-07-26 09:27:00,020 - root - INFO - ###############################  End  ###############################
